[06-09-2023 23:07:42.615 INFO com.nopcommerce.users.Level_15_Log] - Register - Step 01: Verify Register link is displayed
[06-09-2023 23:07:42.778 INFO com.nopcommerce.users.Level_15_Log] - -----------------FAILED-----------------
[06-09-2023 23:07:42.779 INFO com.nopcommerce.users.Level_15_Log] - Register - Step 02: Click to Register link
[06-09-2023 23:07:44.064 INFO com.nopcommerce.users.Level_15_Log] - Register - Step 03: Click to Register button
[06-09-2023 23:07:44.428 INFO com.nopcommerce.users.Level_15_Log] - Register - Step 04: Verify error message at FirstName textbox
[06-09-2023 23:07:44.483 INFO com.nopcommerce.users.Level_15_Log] - -----------------PASSED-----------------
[06-09-2023 23:07:44.483 INFO com.nopcommerce.users.Level_15_Log] - Register - Step 05: Verify error message at LastName textbox
[06-09-2023 23:07:44.532 INFO com.nopcommerce.users.Level_15_Log] - -----------------PASSED-----------------
[06-09-2023 23:07:44.544 INFO com.nopcommerce.users.Level_15_Log] - Register - Step 01: Enter to First Name textbox with value is John
[06-09-2023 23:07:46.687 INFO com.nopcommerce.users.Level_15_Log] - Register - Step 02: Enter to Last Name textbox with value is Wick
[06-09-2023 23:07:46.770 INFO com.nopcommerce.users.Level_15_Log] - Register - Step 03: Enter to Email address textbox with value is john7258@gmail.com
[06-09-2023 23:07:46.875 INFO com.nopcommerce.users.Level_15_Log] - Register - Step 04: Enter to Password textbox with value is 123456
[06-09-2023 23:07:46.971 INFO com.nopcommerce.users.Level_15_Log] - Register - Step 05: Enter to ConfirmPassword textbox with value is 123456
[06-09-2023 23:07:47.058 INFO com.nopcommerce.users.Level_15_Log] - Register - Step 06: Click to Register button
[06-09-2023 23:07:49.000 INFO com.nopcommerce.users.Level_15_Log] - Register - Step 07: Verify success message is displayed
[06-09-2023 23:07:49.059 INFO com.nopcommerce.users.Level_15_Log] - -----------------PASSED-----------------
[06-09-2023 23:08:02.061 INFO com.nopcommerce.users.Level_15_Log] - Register - Step 01: Verify Register link is displayed
[06-09-2023 23:08:02.147 INFO com.nopcommerce.users.Level_15_Log] - -----------------FAILED-----------------
[06-09-2023 23:08:02.147 INFO com.nopcommerce.users.Level_15_Log] - Register - Step 02: Click to Register link
[06-09-2023 23:08:03.613 INFO com.nopcommerce.users.Level_15_Log] - Register - Step 03: Click to Register button
[06-09-2023 23:08:03.808 INFO com.nopcommerce.users.Level_15_Log] - Register - Step 04: Verify error message at FirstName textbox
[06-09-2023 23:08:03.900 INFO com.nopcommerce.users.Level_15_Log] - -----------------PASSED-----------------
[06-09-2023 23:08:03.901 INFO com.nopcommerce.users.Level_15_Log] - Register - Step 05: Verify error message at LastName textbox
[06-09-2023 23:08:03.975 INFO com.nopcommerce.users.Level_15_Log] - -----------------PASSED-----------------
[06-09-2023 23:08:03.981 INFO com.nopcommerce.users.Level_15_Log] - Register - Step 01: Enter to First Name textbox with value is John
[06-09-2023 23:08:04.660 INFO com.nopcommerce.users.Level_15_Log] - Register - Step 02: Enter to Last Name textbox with value is Wick
[06-09-2023 23:08:04.824 INFO com.nopcommerce.users.Level_15_Log] - Register - Step 03: Enter to Email address textbox with value is john236@gmail.com
[06-09-2023 23:08:04.986 INFO com.nopcommerce.users.Level_15_Log] - Register - Step 04: Enter to Password textbox with value is 123456
[06-09-2023 23:08:05.143 INFO com.nopcommerce.users.Level_15_Log] - Register - Step 05: Enter to ConfirmPassword textbox with value is 123456
[06-09-2023 23:08:05.300 INFO com.nopcommerce.users.Level_15_Log] - Register - Step 06: Click to Register button
[06-09-2023 23:08:07.089 INFO com.nopcommerce.users.Level_15_Log] - Register - Step 07: Verify success message is displayed
[06-09-2023 23:08:07.148 INFO com.nopcommerce.users.Level_15_Log] - -----------------PASSED-----------------
[06-09-2023 23:08:14.882 INFO com.nopcommerce.users.Level_15_Log] - Register - Step 01: Verify Register link is displayed
[06-09-2023 23:08:15.237 INFO com.nopcommerce.users.Level_15_Log] - -----------------FAILED-----------------
[06-09-2023 23:08:15.238 INFO com.nopcommerce.users.Level_15_Log] - Register - Step 02: Click to Register link
[06-09-2023 23:08:16.535 INFO com.nopcommerce.users.Level_15_Log] - Register - Step 03: Click to Register button
[06-09-2023 23:08:16.681 INFO com.nopcommerce.users.Level_15_Log] - Register - Step 04: Verify error message at FirstName textbox
[06-09-2023 23:08:16.766 INFO com.nopcommerce.users.Level_15_Log] - -----------------PASSED-----------------
[06-09-2023 23:08:16.767 INFO com.nopcommerce.users.Level_15_Log] - Register - Step 05: Verify error message at LastName textbox
[06-09-2023 23:08:16.838 INFO com.nopcommerce.users.Level_15_Log] - -----------------PASSED-----------------
[06-09-2023 23:08:16.843 INFO com.nopcommerce.users.Level_15_Log] - Register - Step 01: Enter to First Name textbox with value is John
[06-09-2023 23:08:17.835 INFO com.nopcommerce.users.Level_15_Log] - Register - Step 02: Enter to Last Name textbox with value is Wick
[06-09-2023 23:08:18.006 INFO com.nopcommerce.users.Level_15_Log] - Register - Step 03: Enter to Email address textbox with value is john2261@gmail.com
[06-09-2023 23:08:18.178 INFO com.nopcommerce.users.Level_15_Log] - Register - Step 04: Enter to Password textbox with value is 123456
[06-09-2023 23:08:18.356 INFO com.nopcommerce.users.Level_15_Log] - Register - Step 05: Enter to ConfirmPassword textbox with value is 123456
[06-09-2023 23:08:18.542 INFO com.nopcommerce.users.Level_15_Log] - Register - Step 06: Click to Register button
[06-09-2023 23:08:19.844 INFO com.nopcommerce.users.Level_15_Log] - Register - Step 07: Verify success message is displayed
[06-09-2023 23:08:19.901 INFO com.nopcommerce.users.Level_15_Log] - -----------------PASSED-----------------
