[09-09-2023 23:00:36.802 INFO com.nopcommerce.users.Level_15_Log] - Register - Step 01: Verify Register link is displayed
[09-09-2023 23:00:36.962 INFO com.nopcommerce.users.Level_15_Log] - -----------------FAILED-----------------
[09-09-2023 23:00:36.962 INFO com.nopcommerce.users.Level_15_Log] - Register - Step 02: Click to Register link
[09-09-2023 23:00:42.816 INFO com.nopcommerce.users.Level_15_Log] - Register - Step 03: Click to Register button
[09-09-2023 23:00:43.176 INFO com.nopcommerce.users.Level_15_Log] - Register - Step 04: Verify error message at FirstName textbox
[09-09-2023 23:00:43.243 INFO com.nopcommerce.users.Level_15_Log] - -----------------PASSED-----------------
[09-09-2023 23:00:43.243 INFO com.nopcommerce.users.Level_15_Log] - Register - Step 05: Verify error message at LastName textbox
[09-09-2023 23:00:43.300 INFO com.nopcommerce.users.Level_15_Log] - -----------------PASSED-----------------
[09-09-2023 23:00:43.393 INFO com.nopcommerce.users.Level_15_Log] - Register - Step 01: Enter to First Name textbox with value is John
[09-09-2023 23:01:02.900 INFO com.nopcommerce.users.Level_15_Log] - Register - Step 02: Enter to Last Name textbox with value is Wick
[09-09-2023 23:01:02.984 INFO com.nopcommerce.users.Level_15_Log] - Register - Step 03: Enter to Email address textbox with value is john3783@gmail.com
[09-09-2023 23:01:03.074 INFO com.nopcommerce.users.Level_15_Log] - Register - Step 04: Enter to Password textbox with value is 123456
[09-09-2023 23:01:03.150 INFO com.nopcommerce.users.Level_15_Log] - Register - Step 05: Enter to ConfirmPassword textbox with value is 123456
[09-09-2023 23:01:03.216 INFO com.nopcommerce.users.Level_15_Log] - Register - Step 06: Click to Register button
[09-09-2023 23:01:08.622 INFO com.nopcommerce.users.Level_15_Log] - Register - Step 07: Verify success message is displayed
[09-09-2023 23:01:08.680 INFO com.nopcommerce.users.Level_15_Log] - -----------------PASSED-----------------
[09-09-2023 23:01:16.445 INFO com.nopcommerce.users.Level_15_Log] - Register - Step 01: Verify Register link is displayed
[09-09-2023 23:01:16.550 INFO com.nopcommerce.users.Level_15_Log] - -----------------FAILED-----------------
[09-09-2023 23:01:16.551 INFO com.nopcommerce.users.Level_15_Log] - Register - Step 02: Click to Register link
[09-09-2023 23:01:17.310 INFO com.nopcommerce.users.Level_15_Log] - Register - Step 03: Click to Register button
[09-09-2023 23:01:17.579 INFO com.nopcommerce.users.Level_15_Log] - Register - Step 04: Verify error message at FirstName textbox
[09-09-2023 23:01:17.669 INFO com.nopcommerce.users.Level_15_Log] - -----------------PASSED-----------------
[09-09-2023 23:01:17.670 INFO com.nopcommerce.users.Level_15_Log] - Register - Step 05: Verify error message at LastName textbox
[09-09-2023 23:01:17.729 INFO com.nopcommerce.users.Level_15_Log] - -----------------PASSED-----------------
[09-09-2023 23:01:17.914 INFO com.nopcommerce.users.Level_15_Log] - Register - Step 01: Enter to First Name textbox with value is John
[09-09-2023 23:01:18.526 INFO com.nopcommerce.users.Level_15_Log] - Register - Step 02: Enter to Last Name textbox with value is Wick
[09-09-2023 23:01:18.712 INFO com.nopcommerce.users.Level_15_Log] - Register - Step 03: Enter to Email address textbox with value is john5631@gmail.com
[09-09-2023 23:01:18.906 INFO com.nopcommerce.users.Level_15_Log] - Register - Step 04: Enter to Password textbox with value is 123456
[09-09-2023 23:01:19.120 INFO com.nopcommerce.users.Level_15_Log] - Register - Step 05: Enter to ConfirmPassword textbox with value is 123456
[09-09-2023 23:01:19.324 INFO com.nopcommerce.users.Level_15_Log] - Register - Step 06: Click to Register button
[09-09-2023 23:01:20.433 INFO com.nopcommerce.users.Level_15_Log] - Register - Step 07: Verify success message is displayed
[09-09-2023 23:01:20.498 INFO com.nopcommerce.users.Level_15_Log] - -----------------PASSED-----------------
